<?xml version="1.0" encoding="UTF-8"?>
<!-- Generated by org.testng.reporters.JUnitXMLReporter -->
<testsuite hostname="Bhagyawants-MacBook-Pro.local" ignored="0" name="Test" tests="5" failures="2" timestamp="2020-04-04T15:18:41 IST" time="169.562" errors="0">
  <testcase name="hotelBookingTc" time="25.046" classname="spicejet.HotelBooking"/>
  <testcase name="flightBookingTc" time="9.594" classname="spicejet.FlightBooking"/>
  <testcase name="registerUserTc" time="34.806" classname="spicejet.RegisterUser">
    <failure type="org.openqa.selenium.ElementClickInterceptedException" message="element click intercepted: Element &amp;lt;input type=&amp;quot;checkbox&amp;quot; id=&amp;quot;chkSpiceClubTnC&amp;quot; style=&amp;quot;vertical-align: top;&amp;quot;&amp;gt; is not clickable at point (191, 338). Other element would receive the click: &amp;lt;div id=&amp;quot;popup_overlay&amp;quot; style=&amp;quot;position: absolute; z-index: 99998; top: 0px; left: 0px; width: 100%; height: 1640px; background: rgb(0, 0, 0); opacity: 0.52;&amp;quot;&amp;gt;&amp;lt;/div&amp;gt;
  (Session info: chrome=80.0.3987.149)
Build info: version: &amp;apos;3.141.59&amp;apos;, revision: &amp;apos;e82be7d358&amp;apos;, time: &amp;apos;2018-11-14T08:17:03&amp;apos;
System info: host: &amp;apos;Bhagyawants-MacBook-Pro.local&amp;apos;, ip: &amp;apos;fe80:0:0:0:183d:eb79:35cf:3a76%en0&amp;apos;, os.name: &amp;apos;Mac OS X&amp;apos;, os.arch: &amp;apos;x86_64&amp;apos;, os.version: &amp;apos;10.15.2&amp;apos;, java.version: &amp;apos;1.8.0_221&amp;apos;
Driver info: org.openqa.selenium.chrome.ChromeDriver
Capabilities {acceptInsecureCerts: false, browserName: chrome, browserVersion: 80.0.3987.149, chrome: {chromedriverVersion: 80.0.3987.106 (f68069574609..., userDataDir: /var/folders/fc/55j473p12ll...}, goog:chromeOptions: {debuggerAddress: localhost:54022}, javascriptEnabled: true, networkConnectionEnabled: false, pageLoadStrategy: normal, platform: MAC, platformName: MAC, proxy: Proxy(), setWindowRect: true, strictFileInteractability: false, timeouts: {implicit: 0, pageLoad: 300000, script: 30000}, unhandledPromptBehavior: dismiss and notify}
Session ID: 2437abcf7f5bff7b127b97bfaeed8156">
      <![CDATA[org.openqa.selenium.ElementClickInterceptedException: element click intercepted: Element <input type="checkbox" id="chkSpiceClubTnC" style="vertical-align: top;"> is not clickable at point (191, 338). Other element would receive the click: <div id="popup_overlay" style="position: absolute; z-index: 99998; top: 0px; left: 0px; width: 100%; height: 1640px; background: rgb(0, 0, 0); opacity: 0.52;"></div>
  (Session info: chrome=80.0.3987.149)
Build info: version: '3.141.59', revision: 'e82be7d358', time: '2018-11-14T08:17:03'
System info: host: 'Bhagyawants-MacBook-Pro.local', ip: 'fe80:0:0:0:183d:eb79:35cf:3a76%en0', os.name: 'Mac OS X', os.arch: 'x86_64', os.version: '10.15.2', java.version: '1.8.0_221'
Driver info: org.openqa.selenium.chrome.ChromeDriver
Capabilities {acceptInsecureCerts: false, browserName: chrome, browserVersion: 80.0.3987.149, chrome: {chromedriverVersion: 80.0.3987.106 (f68069574609..., userDataDir: /var/folders/fc/55j473p12ll...}, goog:chromeOptions: {debuggerAddress: localhost:54022}, javascriptEnabled: true, networkConnectionEnabled: false, pageLoadStrategy: normal, platform: MAC, platformName: MAC, proxy: Proxy(), setWindowRect: true, strictFileInteractability: false, timeouts: {implicit: 0, pageLoad: 300000, script: 30000}, unhandledPromptBehavior: dismiss and notify}
Session ID: 2437abcf7f5bff7b127b97bfaeed8156
at org.openqa.selenium.remote.http.W3CHttpResponseCodec.createException(W3CHttpResponseCodec.java:187)
at org.openqa.selenium.remote.http.W3CHttpResponseCodec.decode(W3CHttpResponseCodec.java:122)
at org.openqa.selenium.remote.http.W3CHttpResponseCodec.decode(W3CHttpResponseCodec.java:49)
at org.openqa.selenium.remote.HttpCommandExecutor.execute(HttpCommandExecutor.java:158)
at org.openqa.selenium.remote.service.DriverCommandExecutor.execute(DriverCommandExecutor.java:83)
at org.openqa.selenium.remote.RemoteWebDriver.execute(RemoteWebDriver.java:552)
at org.openqa.selenium.remote.RemoteWebElement.execute(RemoteWebElement.java:285)
at org.openqa.selenium.remote.RemoteWebElement.click(RemoteWebElement.java:84)
at spicejet.RegisterUser.registerUserTc(RegisterUser.java:61)
at java.util.ArrayList.forEach(ArrayList.java:1257)
... Removed 31 stack frames]]>
    </failure>
  </testcase> <!-- registerUserTc -->
  <testcase name="loginUserTc" time="27.626" classname="spicejet.UserLogin"/>
  <testcase name="loginUserTc" time="15.048" classname="spicejet.UserLogin">
    <failure type="org.openqa.selenium.NoSuchElementException" message="no such element: Unable to locate element: {&amp;quot;method&amp;quot;:&amp;quot;xpath&amp;quot;,&amp;quot;selector&amp;quot;:&amp;quot;//a[@id=&amp;apos;ctl00_HyperLinkLogin&amp;apos;]&amp;quot;}
  (Session info: chrome=80.0.3987.149)
For documentation on this error, please visit: https://www.seleniumhq.org/exceptions/no_such_element.html
Build info: version: &amp;apos;3.141.59&amp;apos;, revision: &amp;apos;e82be7d358&amp;apos;, time: &amp;apos;2018-11-14T08:17:03&amp;apos;
System info: host: &amp;apos;Bhagyawants-MacBook-Pro.local&amp;apos;, ip: &amp;apos;fe80:0:0:0:183d:eb79:35cf:3a76%en0&amp;apos;, os.name: &amp;apos;Mac OS X&amp;apos;, os.arch: &amp;apos;x86_64&amp;apos;, os.version: &amp;apos;10.15.2&amp;apos;, java.version: &amp;apos;1.8.0_221&amp;apos;
Driver info: org.openqa.selenium.chrome.ChromeDriver
Capabilities {acceptInsecureCerts: false, browserName: chrome, browserVersion: 80.0.3987.149, chrome: {chromedriverVersion: 80.0.3987.106 (f68069574609..., userDataDir: /var/folders/fc/55j473p12ll...}, goog:chromeOptions: {debuggerAddress: localhost:54150}, javascriptEnabled: true, networkConnectionEnabled: false, pageLoadStrategy: normal, platform: MAC, platformName: MAC, proxy: Proxy(), setWindowRect: true, strictFileInteractability: false, timeouts: {implicit: 0, pageLoad: 300000, script: 30000}, unhandledPromptBehavior: dismiss and notify}
Session ID: 5745c0539f83e635bd12a9b0bdd68f53
*** Element info: {Using=xpath, value=//a[@id=&amp;apos;ctl00_HyperLinkLogin&amp;apos;]}">
      <![CDATA[org.openqa.selenium.NoSuchElementException: no such element: Unable to locate element: {"method":"xpath","selector":"//a[@id='ctl00_HyperLinkLogin']"}
  (Session info: chrome=80.0.3987.149)
For documentation on this error, please visit: https://www.seleniumhq.org/exceptions/no_such_element.html
Build info: version: '3.141.59', revision: 'e82be7d358', time: '2018-11-14T08:17:03'
System info: host: 'Bhagyawants-MacBook-Pro.local', ip: 'fe80:0:0:0:183d:eb79:35cf:3a76%en0', os.name: 'Mac OS X', os.arch: 'x86_64', os.version: '10.15.2', java.version: '1.8.0_221'
Driver info: org.openqa.selenium.chrome.ChromeDriver
Capabilities {acceptInsecureCerts: false, browserName: chrome, browserVersion: 80.0.3987.149, chrome: {chromedriverVersion: 80.0.3987.106 (f68069574609..., userDataDir: /var/folders/fc/55j473p12ll...}, goog:chromeOptions: {debuggerAddress: localhost:54150}, javascriptEnabled: true, networkConnectionEnabled: false, pageLoadStrategy: normal, platform: MAC, platformName: MAC, proxy: Proxy(), setWindowRect: true, strictFileInteractability: false, timeouts: {implicit: 0, pageLoad: 300000, script: 30000}, unhandledPromptBehavior: dismiss and notify}
Session ID: 5745c0539f83e635bd12a9b0bdd68f53
*** Element info: {Using=xpath, value=//a[@id='ctl00_HyperLinkLogin']}
at org.openqa.selenium.remote.http.W3CHttpResponseCodec.createException(W3CHttpResponseCodec.java:187)
at org.openqa.selenium.remote.http.W3CHttpResponseCodec.decode(W3CHttpResponseCodec.java:122)
at org.openqa.selenium.remote.http.W3CHttpResponseCodec.decode(W3CHttpResponseCodec.java:49)
at org.openqa.selenium.remote.HttpCommandExecutor.execute(HttpCommandExecutor.java:158)
at org.openqa.selenium.remote.service.DriverCommandExecutor.execute(DriverCommandExecutor.java:83)
at org.openqa.selenium.remote.RemoteWebDriver.execute(RemoteWebDriver.java:552)
at org.openqa.selenium.remote.RemoteWebDriver.findElement(RemoteWebDriver.java:323)
at org.openqa.selenium.remote.RemoteWebDriver.findElementByXPath(RemoteWebDriver.java:428)
at org.openqa.selenium.By$ByXPath.findElement(By.java:353)
at org.openqa.selenium.remote.RemoteWebDriver.findElement(RemoteWebDriver.java:315)
at pageObjectModel.UserLoginPageObj.getLoginButton(UserLoginPageObj.java:29)
at spicejet.UserLogin.loginUserTc(UserLogin.java:36)
at java.util.ArrayList.forEach(ArrayList.java:1257)
... Removed 31 stack frames]]>
    </failure>
  </testcase> <!-- loginUserTc -->
</testsuite> <!-- Test -->
