<?xml version="1.0" encoding="UTF-8"?>
<!-- Generated by org.testng.reporters.JUnitXMLReporter -->
<testsuite hostname="Bhagyawants-MacBook-Pro.local" ignored="0" name="Test" tests="5" failures="0" timestamp="2020-04-04T11:37:15 IST" time="0.141" errors="0">
  <testcase name="@BeforeTest intialize" time="0.049" classname="spicejet.FlightBooking">
    <failure type="java.lang.IllegalStateException" message="The path to the driver executable must be set by the webdriver.chrome.driver system property; for more information, see https://github.com/SeleniumHQ/selenium/wiki/ChromeDriver. The latest version can be downloaded from http://chromedriver.storage.googleapis.com/index.html">
      <![CDATA[java.lang.IllegalStateException: The path to the driver executable must be set by the webdriver.chrome.driver system property; for more information, see https://github.com/SeleniumHQ/selenium/wiki/ChromeDriver. The latest version can be downloaded from http://chromedriver.storage.googleapis.com/index.html
at com.google.common.base.Preconditions.checkState(Preconditions.java:847)
at org.openqa.selenium.remote.service.DriverService.findExecutable(DriverService.java:134)
at org.openqa.selenium.chrome.ChromeDriverService.access$000(ChromeDriverService.java:35)
at org.openqa.selenium.chrome.ChromeDriverService$Builder.findDefaultExecutable(ChromeDriverService.java:159)
at org.openqa.selenium.remote.service.DriverService$Builder.build(DriverService.java:355)
at org.openqa.selenium.chrome.ChromeDriverService.createDefaultService(ChromeDriverService.java:94)
at org.openqa.selenium.chrome.ChromeDriver.<init>(ChromeDriver.java:123)
at Resources.Base.intializeDriver(Base.java:35)
at spicejet.FlightBooking.intialize(FlightBooking.java:20)
... Removed 24 stack frames]]>
    </failure>
  </testcase> <!-- @BeforeTest intialize -->
  <testcase name="@BeforeTest intialize" time="-1.585980435413E9" classname="spicejet.HotelBooking">
    <skipped/>
  </testcase> <!-- @BeforeTest intialize -->
  <testcase name="@BeforeTest intialize" time="-1.585980435416E9" classname="spicejet.RegisterUser">
    <skipped/>
  </testcase> <!-- @BeforeTest intialize -->
  <testcase name="@BeforeTest intialize" time="-1.585980435419E9" classname="spicejet.UserLogin">
    <skipped/>
  </testcase> <!-- @BeforeTest intialize -->
  <testcase name="@AfterTest tearDown" time="-1.585980435482E9" classname="spicejet.FlightBooking">
    <skipped/>
  </testcase> <!-- @AfterTest tearDown -->
  <testcase name="@AfterTest tearDown" time="-1.585980435484E9" classname="spicejet.HotelBooking">
    <skipped/>
  </testcase> <!-- @AfterTest tearDown -->
  <testcase name="@AfterTest tearDown" time="-1.585980435485E9" classname="spicejet.RegisterUser">
    <skipped/>
  </testcase> <!-- @AfterTest tearDown -->
  <testcase name="@AfterTest tearDown" time="-1.585980435491E9" classname="spicejet.UserLogin">
    <skipped/>
  </testcase> <!-- @AfterTest tearDown -->
  <testcase name="hotelBookingTc" time="0.0" classname="spicejet.HotelBooking">
    <skipped/>
  </testcase> <!-- hotelBookingTc -->
  <testcase name="flightBookingTc" time="0.0" classname="spicejet.FlightBooking">
    <skipped/>
  </testcase> <!-- flightBookingTc -->
  <testcase name="registerUserTc" time="0.0" classname="spicejet.RegisterUser">
    <skipped/>
  </testcase> <!-- registerUserTc -->
  <testcase name="loginUserTc" time="0.0" classname="spicejet.UserLogin">
    <skipped/>
  </testcase> <!-- loginUserTc -->
  <testcase name="loginUserTc" time="0.0" classname="spicejet.UserLogin">
    <skipped/>
  </testcase> <!-- loginUserTc -->
</testsuite> <!-- Test -->
