<?xml version="1.0" encoding="UTF-8"?>
<testng-results skipped="0" failed="1" ignored="0" total="5" passed="4">
  <reporter-output>
  </reporter-output>
  <suite name="Suite" duration-ms="168159" started-at="2020-03-16T13:10:43 IST" finished-at="2020-03-16T13:13:31 IST">
    <groups>
    </groups>
    <test name="Test" duration-ms="168159" started-at="2020-03-16T13:10:43 IST" finished-at="2020-03-16T13:13:31 IST">
      <class name="spicejet.FlightBooking">
        <test-method status="PASS" signature="intialize()[pri:0, instance:spicejet.FlightBooking@3b0090a4]" name="intialize" is-config="true" duration-ms="19504" started-at="2020-03-16T13:10:43 IST" finished-at="2020-03-16T13:11:02 IST">
          <reporter-output>
          </reporter-output>
        </test-method> <!-- intialize -->
        <test-method status="PASS" signature="flightBookingTc()[pri:0, instance:spicejet.FlightBooking@3b0090a4]" name="flightBookingTc" duration-ms="18604" started-at="2020-03-16T13:12:09 IST" finished-at="2020-03-16T13:12:28 IST">
          <reporter-output>
          </reporter-output>
        </test-method> <!-- flightBookingTc -->
        <test-method status="PASS" signature="tearDown()[pri:0, instance:spicejet.FlightBooking@3b0090a4]" name="tearDown" is-config="true" duration-ms="129" started-at="2020-03-16T13:13:30 IST" finished-at="2020-03-16T13:13:31 IST">
          <reporter-output>
          </reporter-output>
        </test-method> <!-- tearDown -->
      </class> <!-- spicejet.FlightBooking -->
      <class name="spicejet.HotelBooking">
        <test-method status="PASS" signature="intialize()[pri:0, instance:spicejet.HotelBooking@179ece50]" name="intialize" is-config="true" duration-ms="19232" started-at="2020-03-16T13:11:02 IST" finished-at="2020-03-16T13:11:22 IST">
          <reporter-output>
          </reporter-output>
        </test-method> <!-- intialize -->
        <test-method status="PASS" signature="hotelBookingTc()[pri:0, instance:spicejet.HotelBooking@179ece50]" name="hotelBookingTc" duration-ms="4058" started-at="2020-03-16T13:12:05 IST" finished-at="2020-03-16T13:12:09 IST">
          <reporter-output>
          </reporter-output>
        </test-method> <!-- hotelBookingTc -->
        <test-method status="PASS" signature="tearDown()[pri:0, instance:spicejet.HotelBooking@179ece50]" name="tearDown" is-config="true" duration-ms="125" started-at="2020-03-16T13:13:31 IST" finished-at="2020-03-16T13:13:31 IST">
          <reporter-output>
          </reporter-output>
        </test-method> <!-- tearDown -->
      </class> <!-- spicejet.HotelBooking -->
      <class name="spicejet.UserLogin">
        <test-method status="PASS" signature="intialize()[pri:0, instance:spicejet.UserLogin@1fa121e2]" name="intialize" is-config="true" duration-ms="19703" started-at="2020-03-16T13:11:46 IST" finished-at="2020-03-16T13:12:05 IST">
          <reporter-output>
          </reporter-output>
        </test-method> <!-- intialize -->
        <test-method status="PASS" signature="loginUserTc(java.lang.String, java.lang.String)[pri:0, instance:spicejet.UserLogin@1fa121e2]" name="loginUserTc" duration-ms="8664" started-at="2020-03-16T13:13:07 IST" data-provider="getData" finished-at="2020-03-16T13:13:15 IST">
          <params>
            <param index="0">
              <value>
                <![CDATA[9689332176]]>
              </value>
            </param>
            <param index="1">
              <value>
                <![CDATA[Spicejet@1]]>
              </value>
            </param>
          </params>
          <reporter-output>
          </reporter-output>
        </test-method> <!-- loginUserTc -->
        <test-method status="FAIL" signature="loginUserTc(java.lang.String, java.lang.String)[pri:0, instance:spicejet.UserLogin@1fa121e2]" name="loginUserTc" duration-ms="15075" started-at="2020-03-16T13:13:15 IST" data-provider="getData" finished-at="2020-03-16T13:13:30 IST">
          <params>
            <param index="0">
              <value>
                <![CDATA[8421238017]]>
              </value>
            </param>
            <param index="1">
              <value>
                <![CDATA[Spicejet@1]]>
              </value>
            </param>
          </params>
          <exception class="org.openqa.selenium.NoSuchElementException">
            <message>
              <![CDATA[no such element: Unable to locate element: {"method":"xpath","selector":"//a[@id='ctl00_HyperLinkLogin']"}
  (Session info: chrome=80.0.3987.132)
For documentation on this error, please visit: https://www.seleniumhq.org/exceptions/no_such_element.html
Build info: version: '3.141.59', revision: 'e82be7d358', time: '2018-11-14T08:17:03'
System info: host: 'Bhagyawants-MacBook-Pro.local', ip: '2409:4042:200e:c00b:109d:e679:3d64:d871%en0', os.name: 'Mac OS X', os.arch: 'x86_64', os.version: '10.15.2', java.version: '1.8.0_221'
Driver info: org.openqa.selenium.chrome.ChromeDriver
Capabilities {acceptInsecureCerts: false, browserName: chrome, browserVersion: 80.0.3987.132, chrome: {chromedriverVersion: 80.0.3987.106 (f68069574609..., userDataDir: /var/folders/fc/55j473p12ll...}, goog:chromeOptions: {debuggerAddress: localhost:59820}, javascriptEnabled: true, networkConnectionEnabled: false, pageLoadStrategy: normal, platform: MAC, platformName: MAC, proxy: Proxy(), setWindowRect: true, strictFileInteractability: false, timeouts: {implicit: 0, pageLoad: 300000, script: 30000}, unhandledPromptBehavior: dismiss and notify}
Session ID: 0f659f4cf0b6bc70c3b728dfcf16aa23
*** Element info: {Using=xpath, value=//a[@id='ctl00_HyperLinkLogin']}]]>
            </message>
            <full-stacktrace>
              <![CDATA[org.openqa.selenium.NoSuchElementException: no such element: Unable to locate element: {"method":"xpath","selector":"//a[@id='ctl00_HyperLinkLogin']"}
  (Session info: chrome=80.0.3987.132)
For documentation on this error, please visit: https://www.seleniumhq.org/exceptions/no_such_element.html
Build info: version: '3.141.59', revision: 'e82be7d358', time: '2018-11-14T08:17:03'
System info: host: 'Bhagyawants-MacBook-Pro.local', ip: '2409:4042:200e:c00b:109d:e679:3d64:d871%en0', os.name: 'Mac OS X', os.arch: 'x86_64', os.version: '10.15.2', java.version: '1.8.0_221'
Driver info: org.openqa.selenium.chrome.ChromeDriver
Capabilities {acceptInsecureCerts: false, browserName: chrome, browserVersion: 80.0.3987.132, chrome: {chromedriverVersion: 80.0.3987.106 (f68069574609..., userDataDir: /var/folders/fc/55j473p12ll...}, goog:chromeOptions: {debuggerAddress: localhost:59820}, javascriptEnabled: true, networkConnectionEnabled: false, pageLoadStrategy: normal, platform: MAC, platformName: MAC, proxy: Proxy(), setWindowRect: true, strictFileInteractability: false, timeouts: {implicit: 0, pageLoad: 300000, script: 30000}, unhandledPromptBehavior: dismiss and notify}
Session ID: 0f659f4cf0b6bc70c3b728dfcf16aa23
*** Element info: {Using=xpath, value=//a[@id='ctl00_HyperLinkLogin']}
at sun.reflect.NativeConstructorAccessorImpl.newInstance0(Native Method)
at sun.reflect.NativeConstructorAccessorImpl.newInstance(NativeConstructorAccessorImpl.java:62)
at sun.reflect.DelegatingConstructorAccessorImpl.newInstance(DelegatingConstructorAccessorImpl.java:45)
at java.lang.reflect.Constructor.newInstance(Constructor.java:423)
at org.openqa.selenium.remote.http.W3CHttpResponseCodec.createException(W3CHttpResponseCodec.java:187)
at org.openqa.selenium.remote.http.W3CHttpResponseCodec.decode(W3CHttpResponseCodec.java:122)
at org.openqa.selenium.remote.http.W3CHttpResponseCodec.decode(W3CHttpResponseCodec.java:49)
at org.openqa.selenium.remote.HttpCommandExecutor.execute(HttpCommandExecutor.java:158)
at org.openqa.selenium.remote.service.DriverCommandExecutor.execute(DriverCommandExecutor.java:83)
at org.openqa.selenium.remote.RemoteWebDriver.execute(RemoteWebDriver.java:552)
at org.openqa.selenium.remote.RemoteWebDriver.findElement(RemoteWebDriver.java:323)
at org.openqa.selenium.remote.RemoteWebDriver.findElementByXPath(RemoteWebDriver.java:428)
at org.openqa.selenium.By$ByXPath.findElement(By.java:353)
at org.openqa.selenium.remote.RemoteWebDriver.findElement(RemoteWebDriver.java:315)
at pageObjectModel.UserLoginPageObj.getLoginButton(UserLoginPageObj.java:29)
at spicejet.UserLogin.loginUserTc(UserLogin.java:36)
at sun.reflect.NativeMethodAccessorImpl.invoke0(Native Method)
at sun.reflect.NativeMethodAccessorImpl.invoke(NativeMethodAccessorImpl.java:62)
at sun.reflect.DelegatingMethodAccessorImpl.invoke(DelegatingMethodAccessorImpl.java:43)
at java.lang.reflect.Method.invoke(Method.java:498)
at org.testng.internal.MethodInvocationHelper.invokeMethod(MethodInvocationHelper.java:133)
at org.testng.internal.TestInvoker.invokeMethod(TestInvoker.java:584)
at org.testng.internal.TestInvoker.invokeTestMethod(TestInvoker.java:172)
at org.testng.internal.MethodRunner.runInSequence(MethodRunner.java:46)
at org.testng.internal.TestInvoker$MethodInvocationAgent.invoke(TestInvoker.java:804)
at org.testng.internal.TestInvoker.invokeTestMethods(TestInvoker.java:145)
at org.testng.internal.TestMethodWorker.invokeTestMethods(TestMethodWorker.java:146)
at org.testng.internal.TestMethodWorker.run(TestMethodWorker.java:128)
at java.util.ArrayList.forEach(ArrayList.java:1257)
at org.testng.TestRunner.privateRun(TestRunner.java:770)
at org.testng.TestRunner.run(TestRunner.java:591)
at org.testng.SuiteRunner.runTest(SuiteRunner.java:402)
at org.testng.SuiteRunner.runSequentially(SuiteRunner.java:396)
at org.testng.SuiteRunner.privateRun(SuiteRunner.java:355)
at org.testng.SuiteRunner.run(SuiteRunner.java:304)
at org.testng.SuiteRunnerWorker.runSuite(SuiteRunnerWorker.java:53)
at org.testng.SuiteRunnerWorker.run(SuiteRunnerWorker.java:96)
at org.testng.TestNG.runSuitesSequentially(TestNG.java:1180)
at org.testng.TestNG.runSuitesLocally(TestNG.java:1102)
at org.testng.TestNG.runSuites(TestNG.java:1032)
at org.testng.TestNG.run(TestNG.java:1000)
at org.testng.remote.AbstractRemoteTestNG.run(AbstractRemoteTestNG.java:115)
at org.testng.remote.RemoteTestNG.initAndRun(RemoteTestNG.java:251)
at org.testng.remote.RemoteTestNG.main(RemoteTestNG.java:77)
]]>
            </full-stacktrace>
          </exception> <!-- org.openqa.selenium.NoSuchElementException -->
          <reporter-output>
          </reporter-output>
        </test-method> <!-- loginUserTc -->
        <test-method status="PASS" signature="tearDown()[pri:0, instance:spicejet.UserLogin@1fa121e2]" name="tearDown" is-config="true" duration-ms="119" started-at="2020-03-16T13:13:31 IST" finished-at="2020-03-16T13:13:31 IST">
          <reporter-output>
          </reporter-output>
        </test-method> <!-- tearDown -->
      </class> <!-- spicejet.UserLogin -->
      <class name="spicejet.RegisterUser">
        <test-method status="PASS" signature="intialize()[pri:0, instance:spicejet.RegisterUser@3cd3e762]" name="intialize" is-config="true" duration-ms="23991" started-at="2020-03-16T13:11:22 IST" finished-at="2020-03-16T13:11:46 IST">
          <reporter-output>
          </reporter-output>
        </test-method> <!-- intialize -->
        <test-method status="PASS" signature="registerUserTc()[pri:0, instance:spicejet.RegisterUser@3cd3e762]" name="registerUserTc" duration-ms="38640" started-at="2020-03-16T13:12:28 IST" finished-at="2020-03-16T13:13:07 IST">
          <reporter-output>
          </reporter-output>
        </test-method> <!-- registerUserTc -->
        <test-method status="PASS" signature="tearDown()[pri:0, instance:spicejet.RegisterUser@3cd3e762]" name="tearDown" is-config="true" duration-ms="167" started-at="2020-03-16T13:13:31 IST" finished-at="2020-03-16T13:13:31 IST">
          <reporter-output>
          </reporter-output>
        </test-method> <!-- tearDown -->
      </class> <!-- spicejet.RegisterUser -->
    </test> <!-- Test -->
  </suite> <!-- Suite -->
</testng-results>
